[19:18:54] [main/INFO]: Setting user: ForgeDevName
[19:18:55] [Client thread/INFO]: LWJGL Version: 2.9.1
[19:18:56] [Client thread/ERROR]: Couldn't initialize twitch stream
[19:18:58] [Client thread/INFO]: Reloading ResourceManager: Default, FMLFileResourcePack:Forge Mod Loader, FMLFileResourcePack:Minecraft Forge, FMLFileResourcePack:Not Enough Items, FMLFileResourcePack:TMods
[19:18:59] [Sound Library Loader/INFO]: Sound engine started
[19:19:00] [Client thread/INFO]: Created: 512x256 textures/blocks-atlas
[19:19:00] [Client thread/INFO]: Created: 256x256 textures/items-atlas
[19:19:01] [Client thread/INFO]: Reloading ResourceManager: Default, FMLFileResourcePack:Forge Mod Loader, FMLFileResourcePack:Minecraft Forge, FMLFileResourcePack:Not Enough Items, FMLFileResourcePack:TMods
[19:19:01] [Client thread/INFO]: Created: 256x256 textures/items-atlas
[19:19:01] [Client thread/INFO]: Created: 512x256 textures/blocks-atlas
[19:19:02] [Sound Library Loader/INFO]: Sound engine started
[19:19:19] [Server thread/INFO]: Starting integrated minecraft server version 1.7.10
[19:19:19] [Server thread/INFO]: Generating keypair
[19:19:19] [Server thread/INFO]: Preparing start region for level 0
[19:19:19] [Server thread/INFO]: Changing view distance to 8, from 10
[19:19:20] [Server thread/INFO]: ForgeDevName[local:E:68cbcd5c] logged in with entity id 24 at (-1356.082614603101, 17.0, -232.09434928476938)
[19:19:20] [Server thread/INFO]: ForgeDevName joined the game
[19:21:34] [Client thread/INFO]: Stopping!
[19:21:34] [Server thread/INFO]: Stopping server
[19:21:34] [Server thread/INFO]: Saving players
[19:21:34] [Server thread/INFO]: Saving worlds
[19:21:34] [Server thread/INFO]: Saving chunks for level 'DevEnv'/Overworld
[19:21:34] [Server thread/INFO]: Saving chunks for level 'DevEnv'/Nether
[19:21:34] [Server thread/INFO]: Saving chunks for level 'DevEnv'/The End
